[debug] [2026-01-20T05:18:21.943Z] ----------------------------------------------------------------------
[debug] [2026-01-20T05:18:21.951Z] Command:       /Users/ryan/.nvm/versions/node/v20.14.0/bin/node /Users/ryan/.nvm/versions/node/v20.14.0/bin/firebase deploy --only hosting:fillin-cd65f
[debug] [2026-01-20T05:18:21.951Z] CLI Version:   15.2.1
[debug] [2026-01-20T05:18:21.951Z] Platform:      darwin
[debug] [2026-01-20T05:18:21.951Z] Node Version:  v20.14.0
[debug] [2026-01-20T05:18:21.951Z] Time:          Tue Jan 20 2026 14:18:21 GMT+0900 (Korean Standard Time)
[debug] [2026-01-20T05:18:21.951Z] ----------------------------------------------------------------------
[debug] 
[debug] [2026-01-20T05:18:22.845Z] > command requires scopes: ["email","openid","https://www.googleapis.com/auth/cloudplatformprojects.readonly","https://www.googleapis.com/auth/firebase","https://www.googleapis.com/auth/cloud-platform"]
[debug] [2026-01-20T05:18:22.846Z] > authorizing via signed-in user (ryan@wavetogether.com)
[debug] [2026-01-20T05:18:22.846Z] [iam] checking project fillin-cd65f for permissions ["firebase.projects.get","firebasehosting.sites.update"]
[debug] [2026-01-20T05:18:22.846Z] Checked if tokens are valid: true, expires at: 1768888068618
[debug] [2026-01-20T05:18:22.846Z] Checked if tokens are valid: true, expires at: 1768888068618
[debug] [2026-01-20T05:18:22.847Z] >>> [apiv2][query] POST https://cloudresourcemanager.googleapis.com/v1/projects/fillin-cd65f:testIamPermissions [none]
[debug] [2026-01-20T05:18:22.847Z] >>> [apiv2][(partial)header] POST https://cloudresourcemanager.googleapis.com/v1/projects/fillin-cd65f:testIamPermissions x-goog-quota-user=projects/fillin-cd65f
[debug] [2026-01-20T05:18:22.847Z] >>> [apiv2][body] POST https://cloudresourcemanager.googleapis.com/v1/projects/fillin-cd65f:testIamPermissions {"permissions":["firebase.projects.get","firebasehosting.sites.update"]}
[debug] [2026-01-20T05:18:23.106Z] <<< [apiv2][status] POST https://cloudresourcemanager.googleapis.com/v1/projects/fillin-cd65f:testIamPermissions 200
[debug] [2026-01-20T05:18:23.106Z] <<< [apiv2][body] POST https://cloudresourcemanager.googleapis.com/v1/projects/fillin-cd65f:testIamPermissions {"permissions":["firebase.projects.get","firebasehosting.sites.update"]}
[debug] [2026-01-20T05:18:23.107Z] Checked if tokens are valid: true, expires at: 1768888068618
[debug] [2026-01-20T05:18:23.107Z] Checked if tokens are valid: true, expires at: 1768888068618
[debug] [2026-01-20T05:18:23.107Z] >>> [apiv2][query] GET https://firebase.googleapis.com/v1beta1/projects/fillin-cd65f [none]
[debug] [2026-01-20T05:18:23.553Z] <<< [apiv2][status] GET https://firebase.googleapis.com/v1beta1/projects/fillin-cd65f 200
[debug] [2026-01-20T05:18:23.553Z] <<< [apiv2][body] GET https://firebase.googleapis.com/v1beta1/projects/fillin-cd65f {"projectId":"fillin-cd65f","projectNumber":"939046847033","displayName":"Visir","name":"projects/fillin-cd65f","resources":{"hostingSite":"fillin-cd65f","locationId":"us-central"},"state":"ACTIVE","etag":"1_1daf1eb5-1d23-43ee-afab-b8cdd69c44fc"}
[info] 
[info] === Deploying to 'fillin-cd65f'...
[info] 
[info] i  deploying hosting 
[debug] [2026-01-20T05:18:23.557Z] Checked if tokens are valid: true, expires at: 1768888068618
[debug] [2026-01-20T05:18:23.557Z] Checked if tokens are valid: true, expires at: 1768888068618
[debug] [2026-01-20T05:18:23.557Z] >>> [apiv2][query] POST https://firebasehosting.googleapis.com/v1beta1/projects/-/sites/fillin-cd65f/versions [none]
[debug] [2026-01-20T05:18:23.557Z] >>> [apiv2][body] POST https://firebasehosting.googleapis.com/v1beta1/projects/-/sites/fillin-cd65f/versions {"status":"CREATED","labels":{"deployment-tool":"cli-firebase"}}
[debug] [2026-01-20T05:18:24.842Z] <<< [apiv2][status] POST https://firebasehosting.googleapis.com/v1beta1/projects/-/sites/fillin-cd65f/versions 200
[debug] [2026-01-20T05:18:24.842Z] <<< [apiv2][body] POST https://firebasehosting.googleapis.com/v1beta1/projects/-/sites/fillin-cd65f/versions {"name":"projects/939046847033/sites/fillin-cd65f/versions/7bc9f30a2dd26b8d","status":"CREATED","config":{},"labels":{"deployment-tool":"cli-firebase"}}
[info] i  hosting[fillin-cd65f]: beginning deploy... 
[info] i  hosting[fillin-cd65f]: found 17 files in web 
[debug] [2026-01-20T05:18:24.854Z] [hosting] uploading with 200 concurrency
[debug] [2026-01-20T05:18:24.861Z] Checked if tokens are valid: true, expires at: 1768888068618
[debug] [2026-01-20T05:18:24.861Z] Checked if tokens are valid: true, expires at: 1768888068618
[debug] [2026-01-20T05:18:24.864Z] [hosting] hash cache [d2Vi] stored for 17 files
[debug] [2026-01-20T05:18:24.865Z] [hosting][hash queue][FINAL] {"max":3,"min":0,"avg":0.17647058823529413,"active":0,"complete":17,"success":17,"errored":0,"retried":0,"total":17,"elapsed":7}
[debug] [2026-01-20T05:18:24.865Z] >>> [apiv2][query] POST https://firebasehosting.googleapis.com/v1beta1/projects/939046847033/sites/fillin-cd65f/versions/7bc9f30a2dd26b8d:populateFiles [none]
[debug] [2026-01-20T05:18:24.865Z] >>> [apiv2][body] POST https://firebasehosting.googleapis.com/v1beta1/projects/939046847033/sites/fillin-cd65f/versions/7bc9f30a2dd26b8d:populateFiles {"files":{"/sqlite3.wasm":"12faa3559900468f33cb6e9c79634f6fe62da03375775e9667c351c7f206df03","/redirect.html":"0be9b4f71a87f91f2572df3398b7005ec658bab57c6cc0bc0a7cfa79edab18d7","/manifest.json":"88b38e3508cf21875224c9271bcaa0c1ef1c0b234a69d32bb647a99a5c68a8ed","/index.html":"b2b84169262c7bb09f45b931ecedf6a723b12be275371d17f0ce0309ebc854fe","/firebase_worker.js":"b8bf16b43b186a443ae37367c395e5883d480e8f5b11ee2eab09da7ded5749ab","/firebase-messaging-sw.js":"6f04511822b7cb1d802204a7185a2b55b609570f318e36b4c1a669e0e0e26a29","/favicon.png":"02237bb7af23adb56c0427ed7110f699f484b3d3046abc39d60535a586dceeea","/drift_worker.js":"9748dcaaeb4b03edb62b872c316ba838eafe88dc6acdc0f4152aad8c93022fe8","/appcast-beta.xml":"af988f62e5e6bf015e03c0ee1323fe014b3b50a99e16bd12c1c283e1b277539d","/integration/index.html":"a485bdcdac2e690cfd1ef67fd16bd5af9c5b8365c2bf280829734dff1930015e","/integration/failed/index.html":"c33ce0a9908ab194e3191f5740935935368861fca5d91d99f9e7cf934294697a","/icons/Icon-maskable-512.png":"9769fb8018d1a21e8471cbd36269c336c9b44c86264ee452dcadcf4da2c5bc5b","/icons/Icon-maskable-192.png":"008e6d520c9d2872e87f1b6e7242a1bc34c3cd6ef539b9b742b1a09c75512d8f","/icons/Icon-512.png":"9769fb8018d1a21e8471cbd36269c336c9b44c86264ee452dcadcf4da2c5bc5b","/icons/Icon-192.png":"008e6d520c9d2872e87f1b6e7242a1bc34c3cd6ef539b9b742b1a09c75512d8f","/.well-known/microsoft-identity-association.json":"436324c8989aa0edc2cc230890f98963d983034b8e63600466b04ad98c70d1f9","/appcast.xml":"5dbe500bb4cd8934233985eb7e4da1c23d123672f0520d8b4525f5ad52f9f07f"}}
[debug] [2026-01-20T05:18:25.145Z] <<< [apiv2][status] POST https://firebasehosting.googleapis.com/v1beta1/projects/939046847033/sites/fillin-cd65f/versions/7bc9f30a2dd26b8d:populateFiles 200
[debug] [2026-01-20T05:18:25.145Z] <<< [apiv2][body] POST https://firebasehosting.googleapis.com/v1beta1/projects/939046847033/sites/fillin-cd65f/versions/7bc9f30a2dd26b8d:populateFiles {"uploadRequiredHashes":["5dbe500bb4cd8934233985eb7e4da1c23d123672f0520d8b4525f5ad52f9f07f"],"uploadUrl":"https://upload-firebasehosting.googleapis.com/upload/sites/fillin-cd65f/versions/7bc9f30a2dd26b8d/files"}
[debug] [2026-01-20T05:18:25.146Z] Checked if tokens are valid: true, expires at: 1768888068618
[debug] [2026-01-20T05:18:25.146Z] Checked if tokens are valid: true, expires at: 1768888068618
[debug] [2026-01-20T05:18:25.146Z] >>> [apiv2][query] POST https://upload-firebasehosting.googleapis.com/upload/sites/fillin-cd65f/versions/7bc9f30a2dd26b8d/files/5dbe500bb4cd8934233985eb7e4da1c23d123672f0520d8b4525f5ad52f9f07f [none]
[debug] [2026-01-20T05:18:25.146Z] >>> [apiv2][body] POST https://upload-firebasehosting.googleapis.com/upload/sites/fillin-cd65f/versions/7bc9f30a2dd26b8d/files/5dbe500bb4cd8934233985eb7e4da1c23d123672f0520d8b4525f5ad52f9f07f [stream]
[debug] [2026-01-20T05:18:25.147Z] [hosting][populate queue][FINAL] {"max":285,"min":285,"avg":285,"active":0,"complete":1,"success":1,"errored":0,"retried":0,"total":1,"elapsed":286}
[debug] [2026-01-20T05:18:25.147Z] [hosting] uploads queued: 1
